{"level":"info","message":{"evt":"REQ","method":"GET","url":"/","user":null},"timestamp":"2025-08-12T20:46:20.479Z"}
{"level":"info","message":{"evt":"RESP","method":"GET","status":302,"url":"/","user":null},"timestamp":"2025-08-12T20:46:20.493Z"}
{"level":"info","message":{"evt":"REQ","method":"GET","url":"/frontend/html/login.html","user":null},"timestamp":"2025-08-12T20:46:20.497Z"}
{"level":"info","message":{"evt":"RESP","method":"GET","status":304,"url":"/frontend/html/login.html","user":null},"timestamp":"2025-08-12T20:46:20.501Z"}
{"level":"info","message":{"evt":"REQ","method":"GET","url":"/frontend/css/style.css","user":null},"timestamp":"2025-08-12T20:46:20.540Z"}
{"level":"info","message":{"evt":"REQ","method":"GET","url":"/frontend/js/login.js","user":null},"timestamp":"2025-08-12T20:46:20.542Z"}
{"level":"info","message":{"evt":"RESP","method":"GET","status":200,"url":"/frontend/css/style.css","user":null},"timestamp":"2025-08-12T20:46:20.551Z"}
{"level":"info","message":{"evt":"RESP","method":"GET","status":200,"url":"/frontend/js/login.js","user":null},"timestamp":"2025-08-12T20:46:20.554Z"}
{"level":"info","message":{"evt":"REQ","method":"GET","url":"/frontend/html/register.html","user":null},"timestamp":"2025-08-12T20:46:22.517Z"}
{"level":"info","message":{"evt":"RESP","method":"GET","status":200,"url":"/frontend/html/register.html","user":null},"timestamp":"2025-08-12T20:46:22.521Z"}
{"level":"info","message":{"evt":"REQ","method":"GET","url":"/frontend/css/style.css","user":null},"timestamp":"2025-08-12T20:46:22.560Z"}
{"level":"info","message":{"evt":"REQ","method":"GET","url":"/frontend/js/signup.js","user":null},"timestamp":"2025-08-12T20:46:22.562Z"}
{"level":"info","message":{"evt":"RESP","method":"GET","status":304,"url":"/frontend/css/style.css","user":null},"timestamp":"2025-08-12T20:46:22.564Z"}
{"level":"info","message":{"evt":"RESP","method":"GET","status":200,"url":"/frontend/js/signup.js","user":null},"timestamp":"2025-08-12T20:46:22.565Z"}
{"level":"info","message":{"evt":"REQ","method":"GET","url":"/api/auth/security-questions","user":null},"timestamp":"2025-08-12T20:46:22.580Z"}
{"level":"info","message":{"evt":"RESP","method":"GET","status":304,"url":"/api/auth/security-questions","user":null},"timestamp":"2025-08-12T20:46:22.588Z"}
{"level":"info","message":{"evt":"REQ","method":"GET","url":"/frontend/html/login.html","user":null},"timestamp":"2025-08-12T20:47:15.928Z"}
{"level":"info","message":{"evt":"RESP","method":"GET","status":304,"url":"/frontend/html/login.html","user":null},"timestamp":"2025-08-12T20:47:15.933Z"}
{"level":"info","message":{"evt":"REQ","method":"GET","url":"/frontend/css/style.css","user":null},"timestamp":"2025-08-12T20:47:15.967Z"}
{"level":"info","message":{"evt":"RESP","method":"GET","status":304,"url":"/frontend/css/style.css","user":null},"timestamp":"2025-08-12T20:47:15.969Z"}
{"level":"info","message":{"evt":"REQ","method":"GET","url":"/frontend/js/login.js","user":null},"timestamp":"2025-08-12T20:47:15.973Z"}
{"level":"info","message":{"evt":"RESP","method":"GET","status":304,"url":"/frontend/js/login.js","user":null},"timestamp":"2025-08-12T20:47:15.977Z"}
{"level":"info","message":{"evt":"REQ","method":"GET","url":"/api/csrf-token","user":null},"timestamp":"2025-08-12T20:47:30.680Z"}
{"level":"info","message":{"evt":"RESP","method":"GET","status":200,"url":"/api/csrf-token","user":null},"timestamp":"2025-08-12T20:47:30.683Z"}
{"level":"info","message":{"evt":"REQ","method":"POST","url":"/api/auth/login","user":null},"timestamp":"2025-08-12T20:47:30.696Z"}
{"level":"info","message":{"email":"lib@example.com","evt":"LOGIN","id":"689ba815ac3cff7116af5d92","username":"lib"},"timestamp":"2025-08-12T20:47:30.968Z"}
{"level":"info","message":{"evt":"RESP","method":"POST","status":200,"url":"/api/auth/login","user":"lib"},"timestamp":"2025-08-12T20:47:30.970Z"}
{"level":"info","message":{"evt":"REQ","method":"GET","url":"/frontend/html/booking.html","user":null},"timestamp":"2025-08-12T20:47:30.979Z"}
{"level":"info","message":{"evt":"RESP","method":"GET","status":200,"url":"/frontend/html/booking.html","user":"lib"},"timestamp":"2025-08-12T20:47:30.983Z"}
{"level":"info","message":{"evt":"REQ","method":"GET","url":"/frontend/css/style.css","user":null},"timestamp":"2025-08-12T20:47:31.014Z"}
{"level":"info","message":{"evt":"REQ","method":"GET","url":"/frontend/css/books.css","user":null},"timestamp":"2025-08-12T20:47:31.017Z"}
{"level":"info","message":{"evt":"RESP","method":"GET","status":304,"url":"/frontend/css/style.css","user":"lib"},"timestamp":"2025-08-12T20:47:31.018Z"}
{"level":"info","message":{"evt":"REQ","method":"GET","url":"/frontend/css/layout.css","user":null},"timestamp":"2025-08-12T20:47:31.020Z"}
{"level":"info","message":{"evt":"REQ","method":"GET","url":"/frontend/js/books.js","user":null},"timestamp":"2025-08-12T20:47:31.021Z"}
{"level":"info","message":{"evt":"REQ","method":"GET","url":"/frontend/js/layout.js","user":null},"timestamp":"2025-08-12T20:47:31.024Z"}
{"level":"info","message":{"evt":"RESP","method":"GET","status":304,"url":"/frontend/css/books.css","user":"lib"},"timestamp":"2025-08-12T20:47:31.029Z"}
{"level":"info","message":{"evt":"RESP","method":"GET","status":200,"url":"/frontend/css/layout.css","user":"lib"},"timestamp":"2025-08-12T20:47:31.030Z"}
{"level":"info","message":{"evt":"RESP","method":"GET","status":200,"url":"/frontend/js/books.js","user":"lib"},"timestamp":"2025-08-12T20:47:31.031Z"}
{"level":"info","message":{"evt":"RESP","method":"GET","status":200,"url":"/frontend/js/layout.js","user":"lib"},"timestamp":"2025-08-12T20:47:31.031Z"}
{"level":"info","message":{"evt":"REQ","method":"GET","url":"/api/auth/me","user":null},"timestamp":"2025-08-12T20:47:31.052Z"}
{"level":"info","message":{"evt":"RESP","method":"GET","status":200,"url":"/api/auth/me","user":"lib"},"timestamp":"2025-08-12T20:47:31.057Z"}
{"level":"info","message":{"evt":"REQ","method":"GET","url":"/api/books","user":null},"timestamp":"2025-08-12T20:47:31.066Z"}
{"level":"info","message":{"evt":"RESP","method":"GET","status":200,"url":"/api/books","user":"lib"},"timestamp":"2025-08-12T20:47:31.071Z"}
{"level":"info","message":{"evt":"REQ","method":"GET","url":"/api/auth/me","user":null},"timestamp":"2025-08-12T20:47:31.073Z"}
{"level":"info","message":{"evt":"RESP","method":"GET","status":304,"url":"/api/auth/me","user":"lib"},"timestamp":"2025-08-12T20:47:31.076Z"}
{"level":"info","message":{"evt":"REQ","method":"GET","url":"/api/books/mine","user":null},"timestamp":"2025-08-12T20:47:31.078Z"}
{"level":"info","message":{"evt":"RESP","method":"GET","status":304,"url":"/api/books/mine","user":"lib"},"timestamp":"2025-08-12T20:47:31.081Z"}
{"level":"info","message":{"evt":"REQ","method":"GET","url":"/api/auth/me","user":null},"timestamp":"2025-08-12T20:47:33.036Z"}
{"level":"info","message":{"evt":"REQ","method":"GET","url":"/api/auth/security-question","user":null},"timestamp":"2025-08-12T20:47:33.038Z"}
{"level":"info","message":{"evt":"RESP","method":"GET","status":304,"url":"/api/auth/me","user":"lib"},"timestamp":"2025-08-12T20:47:33.042Z"}
{"level":"info","message":{"evt":"RESP","method":"GET","status":200,"url":"/api/auth/security-question","user":"lib"},"timestamp":"2025-08-12T20:47:33.044Z"}
{"level":"info","message":{"evt":"REQ","method":"GET","url":"/api/books/mine","user":null},"timestamp":"2025-08-12T20:47:33.045Z"}
{"level":"info","message":{"evt":"RESP","method":"GET","status":304,"url":"/api/books/mine","user":"lib"},"timestamp":"2025-08-12T20:47:33.048Z"}
{"level":"info","message":{"evt":"REQ","method":"GET","url":"/api/books","user":null},"timestamp":"2025-08-12T20:47:39.086Z"}
{"level":"info","message":{"evt":"RESP","method":"GET","status":304,"url":"/api/books","user":"lib"},"timestamp":"2025-08-12T20:47:39.089Z"}
{"level":"info","message":{"evt":"REQ","method":"GET","url":"/api/auth/security-question","user":null},"timestamp":"2025-08-12T20:47:40.870Z"}
{"level":"info","message":{"evt":"REQ","method":"GET","url":"/api/auth/me","user":null},"timestamp":"2025-08-12T20:47:40.871Z"}
{"level":"info","message":{"evt":"RESP","method":"GET","status":304,"url":"/api/auth/me","user":"lib"},"timestamp":"2025-08-12T20:47:40.877Z"}
{"level":"info","message":{"evt":"RESP","method":"GET","status":200,"url":"/api/auth/security-question","user":"lib"},"timestamp":"2025-08-12T20:47:40.877Z"}
{"level":"info","message":{"evt":"REQ","method":"GET","url":"/api/books/mine","user":null},"timestamp":"2025-08-12T20:47:40.879Z"}
{"level":"info","message":{"evt":"RESP","method":"GET","status":304,"url":"/api/books/mine","user":"lib"},"timestamp":"2025-08-12T20:47:40.883Z"}
{"level":"info","message":{"evt":"REQ","method":"GET","url":"/api/csrf-token","user":null},"timestamp":"2025-08-12T20:47:46.636Z"}
{"level":"info","message":{"evt":"RESP","method":"GET","status":200,"url":"/api/csrf-token","user":"lib"},"timestamp":"2025-08-12T20:47:46.639Z"}
{"level":"info","message":{"evt":"REQ","method":"POST","url":"/api/auth/logout","user":null},"timestamp":"2025-08-12T20:47:46.640Z"}
{"level":"info","message":{"by":"lib@example.com","evt":"LOGOUT","ip":"::1"},"timestamp":"2025-08-12T20:47:46.642Z"}
{"level":"info","message":{"evt":"RESP","method":"POST","status":200,"url":"/api/auth/logout","user":null},"timestamp":"2025-08-12T20:47:46.643Z"}
{"level":"info","message":{"evt":"REQ","method":"GET","url":"/frontend/html/login.html","user":null},"timestamp":"2025-08-12T20:47:46.655Z"}
{"level":"info","message":{"evt":"RESP","method":"GET","status":304,"url":"/frontend/html/login.html","user":null},"timestamp":"2025-08-12T20:47:46.658Z"}
{"level":"info","message":{"evt":"REQ","method":"GET","url":"/frontend/css/style.css","user":null},"timestamp":"2025-08-12T20:47:46.697Z"}
{"level":"info","message":{"evt":"REQ","method":"GET","url":"/frontend/js/login.js","user":null},"timestamp":"2025-08-12T20:47:46.698Z"}
{"level":"info","message":{"evt":"RESP","method":"GET","status":304,"url":"/frontend/css/style.css","user":null},"timestamp":"2025-08-12T20:47:46.701Z"}
{"level":"info","message":{"evt":"RESP","method":"GET","status":304,"url":"/frontend/js/login.js","user":null},"timestamp":"2025-08-12T20:47:46.701Z"}
{"level":"info","message":{"evt":"REQ","method":"GET","url":"/api/csrf-token","user":null},"timestamp":"2025-08-12T20:48:51.228Z"}
{"level":"info","message":{"evt":"RESP","method":"GET","status":200,"url":"/api/csrf-token","user":null},"timestamp":"2025-08-12T20:48:51.230Z"}
{"level":"info","message":{"evt":"REQ","method":"POST","url":"/api/auth/login","user":null},"timestamp":"2025-08-12T20:48:51.232Z"}
{"level":"warn","message":{"evt":"LOGIN_FAIL","id":"689ba815ac3cff7116af5d92","identifier":"lib"},"timestamp":"2025-08-12T20:48:51.483Z"}
{"level":"info","message":{"evt":"RESP","method":"POST","status":400,"url":"/api/auth/login","user":null},"timestamp":"2025-08-12T20:48:51.483Z"}
{"level":"info","message":{"evt":"REQ","method":"GET","url":"/","user":null},"timestamp":"2025-08-12T20:49:27.168Z"}
{"level":"info","message":{"evt":"RESP","method":"GET","status":302,"url":"/","user":null},"timestamp":"2025-08-12T20:49:27.181Z"}
{"level":"info","message":{"evt":"REQ","method":"GET","url":"/frontend/html/login.html","user":null},"timestamp":"2025-08-12T20:49:27.183Z"}
{"level":"info","message":{"evt":"RESP","method":"GET","status":304,"url":"/frontend/html/login.html","user":null},"timestamp":"2025-08-12T20:49:27.187Z"}
{"level":"info","message":{"evt":"REQ","method":"GET","url":"/frontend/css/style.css","user":null},"timestamp":"2025-08-12T20:49:27.218Z"}
{"level":"info","message":{"evt":"REQ","method":"GET","url":"/frontend/js/login.js","user":null},"timestamp":"2025-08-12T20:49:27.220Z"}
{"level":"info","message":{"evt":"RESP","method":"GET","status":304,"url":"/frontend/css/style.css","user":null},"timestamp":"2025-08-12T20:49:27.223Z"}
{"level":"info","message":{"evt":"RESP","method":"GET","status":304,"url":"/frontend/js/login.js","user":null},"timestamp":"2025-08-12T20:49:27.227Z"}
{"level":"info","message":{"evt":"REQ","method":"GET","url":"/api/csrf-token","user":null},"timestamp":"2025-08-12T20:50:26.563Z"}
{"level":"info","message":{"evt":"RESP","method":"GET","status":200,"url":"/api/csrf-token","user":null},"timestamp":"2025-08-12T20:50:26.567Z"}
{"level":"info","message":{"evt":"REQ","method":"POST","url":"/api/auth/login","user":null},"timestamp":"2025-08-12T20:50:26.578Z"}
{"level":"info","message":{"email":"lib@example.com","evt":"LOGIN","id":"689ba8cfcea49b09a57581ed","username":"lib"},"timestamp":"2025-08-12T20:50:26.853Z"}
{"level":"info","message":{"evt":"RESP","method":"POST","status":200,"url":"/api/auth/login","user":"lib"},"timestamp":"2025-08-12T20:50:26.855Z"}
{"level":"info","message":{"evt":"REQ","method":"GET","url":"/frontend/html/booking.html","user":null},"timestamp":"2025-08-12T20:50:26.866Z"}
{"level":"info","message":{"evt":"RESP","method":"GET","status":304,"url":"/frontend/html/booking.html","user":"lib"},"timestamp":"2025-08-12T20:50:26.871Z"}
{"level":"info","message":{"evt":"REQ","method":"GET","url":"/frontend/css/style.css","user":null},"timestamp":"2025-08-12T20:50:26.915Z"}
{"level":"info","message":{"evt":"REQ","method":"GET","url":"/frontend/css/books.css","user":null},"timestamp":"2025-08-12T20:50:26.917Z"}
{"level":"info","message":{"evt":"REQ","method":"GET","url":"/frontend/css/layout.css","user":null},"timestamp":"2025-08-12T20:50:26.922Z"}
{"level":"info","message":{"evt":"RESP","method":"GET","status":304,"url":"/frontend/css/style.css","user":"lib"},"timestamp":"2025-08-12T20:50:26.925Z"}
{"level":"info","message":{"evt":"RESP","method":"GET","status":304,"url":"/frontend/css/books.css","user":"lib"},"timestamp":"2025-08-12T20:50:26.926Z"}
{"level":"info","message":{"evt":"REQ","method":"GET","url":"/frontend/js/books.js","user":null},"timestamp":"2025-08-12T20:50:26.927Z"}
{"level":"info","message":{"evt":"REQ","method":"GET","url":"/frontend/js/layout.js","user":null},"timestamp":"2025-08-12T20:50:26.929Z"}
{"level":"info","message":{"evt":"RESP","method":"GET","status":304,"url":"/frontend/js/books.js","user":"lib"},"timestamp":"2025-08-12T20:50:26.936Z"}
{"level":"info","message":{"evt":"RESP","method":"GET","status":304,"url":"/frontend/js/layout.js","user":"lib"},"timestamp":"2025-08-12T20:50:26.936Z"}
{"level":"info","message":{"evt":"RESP","method":"GET","status":304,"url":"/frontend/css/layout.css","user":"lib"},"timestamp":"2025-08-12T20:50:26.937Z"}
{"level":"info","message":{"evt":"REQ","method":"GET","url":"/api/auth/me","user":null},"timestamp":"2025-08-12T20:50:26.958Z"}
{"level":"info","message":{"evt":"RESP","method":"GET","status":200,"url":"/api/auth/me","user":"lib"},"timestamp":"2025-08-12T20:50:26.964Z"}
{"level":"info","message":{"evt":"REQ","method":"GET","url":"/api/books","user":null},"timestamp":"2025-08-12T20:50:26.979Z"}
{"level":"info","message":{"evt":"RESP","method":"GET","status":200,"url":"/api/books","user":"lib"},"timestamp":"2025-08-12T20:50:26.984Z"}
{"level":"info","message":{"evt":"REQ","method":"GET","url":"/api/auth/me","user":null},"timestamp":"2025-08-12T20:50:26.986Z"}
{"level":"info","message":{"evt":"RESP","method":"GET","status":304,"url":"/api/auth/me","user":"lib"},"timestamp":"2025-08-12T20:50:26.989Z"}
{"level":"info","message":{"evt":"REQ","method":"GET","url":"/api/books/mine","user":null},"timestamp":"2025-08-12T20:50:26.992Z"}
{"level":"info","message":{"evt":"RESP","method":"GET","status":304,"url":"/api/books/mine","user":"lib"},"timestamp":"2025-08-12T20:50:26.996Z"}
{"level":"info","message":{"evt":"REQ","method":"GET","url":"/api/auth/me","user":null},"timestamp":"2025-08-12T20:50:29.282Z"}
{"level":"info","message":{"evt":"REQ","method":"GET","url":"/api/auth/security-question","user":null},"timestamp":"2025-08-12T20:50:29.283Z"}
{"level":"info","message":{"evt":"RESP","method":"GET","status":304,"url":"/api/auth/me","user":"lib"},"timestamp":"2025-08-12T20:50:29.287Z"}
{"level":"info","message":{"evt":"RESP","method":"GET","status":304,"url":"/api/auth/security-question","user":"lib"},"timestamp":"2025-08-12T20:50:29.289Z"}
{"level":"info","message":{"evt":"REQ","method":"GET","url":"/api/books/mine","user":null},"timestamp":"2025-08-12T20:50:29.289Z"}
{"level":"info","message":{"evt":"RESP","method":"GET","status":304,"url":"/api/books/mine","user":"lib"},"timestamp":"2025-08-12T20:50:29.293Z"}
{"level":"info","message":{"evt":"REQ","method":"GET","url":"/api/books","user":null},"timestamp":"2025-08-12T20:50:30.086Z"}
{"level":"info","message":{"evt":"RESP","method":"GET","status":304,"url":"/api/books","user":"lib"},"timestamp":"2025-08-12T20:50:30.089Z"}
{"level":"info","message":{"evt":"REQ","method":"GET","url":"/api/auth/security-question","user":null},"timestamp":"2025-08-12T20:50:35.072Z"}
{"level":"info","message":{"evt":"REQ","method":"GET","url":"/api/auth/me","user":null},"timestamp":"2025-08-12T20:50:35.073Z"}
{"level":"info","message":{"evt":"RESP","method":"GET","status":304,"url":"/api/auth/me","user":"lib"},"timestamp":"2025-08-12T20:50:35.078Z"}
{"level":"info","message":{"evt":"RESP","method":"GET","status":304,"url":"/api/auth/security-question","user":"lib"},"timestamp":"2025-08-12T20:50:35.079Z"}
{"level":"info","message":{"evt":"REQ","method":"GET","url":"/api/books/mine","user":null},"timestamp":"2025-08-12T20:50:35.082Z"}
{"level":"info","message":{"evt":"RESP","method":"GET","status":304,"url":"/api/books/mine","user":"lib"},"timestamp":"2025-08-12T20:50:35.085Z"}
{"level":"info","message":{"evt":"REQ","method":"GET","url":"/api/books","user":null},"timestamp":"2025-08-12T20:50:44.754Z"}
{"level":"info","message":{"evt":"RESP","method":"GET","status":304,"url":"/api/books","user":"lib"},"timestamp":"2025-08-12T20:50:44.759Z"}
{"level":"info","message":{"evt":"REQ","method":"GET","url":"/api/auth/security-question","user":null},"timestamp":"2025-08-12T20:50:46.150Z"}
{"level":"info","message":{"evt":"REQ","method":"GET","url":"/api/auth/me","user":null},"timestamp":"2025-08-12T20:50:46.152Z"}
{"level":"info","message":{"evt":"RESP","method":"GET","status":304,"url":"/api/auth/me","user":"lib"},"timestamp":"2025-08-12T20:50:46.155Z"}
{"level":"info","message":{"evt":"RESP","method":"GET","status":304,"url":"/api/auth/security-question","user":"lib"},"timestamp":"2025-08-12T20:50:46.155Z"}
{"level":"info","message":{"evt":"REQ","method":"GET","url":"/api/books/mine","user":null},"timestamp":"2025-08-12T20:50:46.157Z"}
{"level":"info","message":{"evt":"RESP","method":"GET","status":304,"url":"/api/books/mine","user":"lib"},"timestamp":"2025-08-12T20:50:46.162Z"}
{"level":"info","message":{"evt":"REQ","method":"GET","url":"/api/books","user":null},"timestamp":"2025-08-12T20:50:49.789Z"}
{"level":"info","message":{"evt":"RESP","method":"GET","status":304,"url":"/api/books","user":"lib"},"timestamp":"2025-08-12T20:50:49.792Z"}
{"level":"info","message":{"evt":"REQ","method":"GET","url":"/api/auth/security-question","user":null},"timestamp":"2025-08-12T20:50:52.102Z"}
{"level":"info","message":{"evt":"REQ","method":"GET","url":"/api/auth/me","user":null},"timestamp":"2025-08-12T20:50:52.103Z"}
{"level":"info","message":{"evt":"RESP","method":"GET","status":304,"url":"/api/auth/me","user":"lib"},"timestamp":"2025-08-12T20:50:52.106Z"}
{"level":"info","message":{"evt":"RESP","method":"GET","status":304,"url":"/api/auth/security-question","user":"lib"},"timestamp":"2025-08-12T20:50:52.107Z"}
{"level":"info","message":{"evt":"REQ","method":"GET","url":"/api/books/mine","user":null},"timestamp":"2025-08-12T20:50:52.109Z"}
{"level":"info","message":{"evt":"RESP","method":"GET","status":304,"url":"/api/books/mine","user":"lib"},"timestamp":"2025-08-12T20:50:52.112Z"}
{"level":"info","message":{"evt":"REQ","method":"GET","url":"/api/csrf-token","user":null},"timestamp":"2025-08-12T20:50:53.068Z"}
{"level":"info","message":{"evt":"RESP","method":"GET","status":200,"url":"/api/csrf-token","user":"lib"},"timestamp":"2025-08-12T20:50:53.071Z"}
{"level":"info","message":{"evt":"REQ","method":"POST","url":"/api/auth/logout","user":null},"timestamp":"2025-08-12T20:50:53.073Z"}
{"level":"info","message":{"by":"lib@example.com","evt":"LOGOUT","ip":"::1"},"timestamp":"2025-08-12T20:50:53.075Z"}
{"level":"info","message":{"evt":"RESP","method":"POST","status":200,"url":"/api/auth/logout","user":null},"timestamp":"2025-08-12T20:50:53.076Z"}
{"level":"info","message":{"evt":"REQ","method":"GET","url":"/frontend/html/login.html","user":null},"timestamp":"2025-08-12T20:50:53.089Z"}
{"level":"info","message":{"evt":"RESP","method":"GET","status":304,"url":"/frontend/html/login.html","user":null},"timestamp":"2025-08-12T20:50:53.092Z"}
{"level":"info","message":{"evt":"REQ","method":"GET","url":"/frontend/css/style.css","user":null},"timestamp":"2025-08-12T20:50:53.130Z"}
{"level":"info","message":{"evt":"RESP","method":"GET","status":304,"url":"/frontend/css/style.css","user":null},"timestamp":"2025-08-12T20:50:53.132Z"}
{"level":"info","message":{"evt":"REQ","method":"GET","url":"/frontend/js/login.js","user":null},"timestamp":"2025-08-12T20:50:53.134Z"}
{"level":"info","message":{"evt":"RESP","method":"GET","status":304,"url":"/frontend/js/login.js","user":null},"timestamp":"2025-08-12T20:50:53.136Z"}
